command: /usr/bin/python /home/arigo/pypysrc/pypy/tool/alarm.py 900 /home/arigo/pypysrc/pypy/interpreter/py.py --oldstyle /home/arigo/pypysrc/lib-python-2.3.4/test/test_hmac.py
run by: arigo@tismerysoft.de
sys.platform: linux2
sys.version_info: (2, 3, 5, 'final', 0)
startdate: Thu Apr 28 01:04:08 2005
pypy-revision: 11518
============================================================
faking <type 'unicode'>
faking <type 'module'>
faking <type 'file'>
faking <type 'posix.stat_result'>
faking <type 'posix.statvfs_result'>
Traceback (application-level):
  File "/home/arigo/pypysrc/lib-python-2.3.4/test/test_hmac.py", line 167 in ?
    test_main()
  File "/home/arigo/pypysrc/lib-python-2.3.4/test/test_hmac.py", line 163 in test_main
        CopyTestCase
  File "/home/arigo/pypysrc/lib-python-2.3.4/test/test_support.py", line 262 in run_unittest
    run_suite(suite, testclass)
  File "/home/arigo/pypysrc/lib-python-2.3.4/test/test_support.py", line 247 in run_suite
        raise TestFailed(err)
TestFailed: Traceback (most recent call last):
  File "/home/arigo/pypysrc/lib-python-2.3.4/test/test_hmac.py", line 17, in test_md5_vectors
    "9294727A3638BB1C13F48EF8158BFC9D")
  File "/home/arigo/pypysrc/lib-python-2.3.4/test/test_hmac.py", line 13, in md5test
    self.assertEqual(h.hexdigest().upper(), digest.upper())
  File "/home/arigo/pypysrc/lib-python-2.3.4/unittest.py", line 302, in failUnlessEqual
    raise self.failureException, \
AssertionError: '000000000000000000000000E71DFA9D' != '9294727A3638BB1C13F48EF8158BFC9D'

test_md5_vectors (__main__.TestVectorsTestCase) ... FAIL
test_sha_vectors (__main__.TestVectorsTestCase) ... ok
test_normal (__main__.ConstructorTestCase) ... ok
test_withmodule (__main__.ConstructorTestCase) ... ok
test_withtext (__main__.ConstructorTestCase) ... ok
test_default_is_md5 (__main__.SanityTestCase) ... ok
test_exercise_all_methods (__main__.SanityTestCase) ... ok
test_attributes (__main__.CopyTestCase) ... ok
test_equality (__main__.CopyTestCase) ... ok
test_realcopy (__main__.CopyTestCase) ... ok

======================================================================
FAIL: test_md5_vectors (__main__.TestVectorsTestCase)
----------------------------------------------------------------------
Traceback (most recent call last):
  File "/home/arigo/pypysrc/lib-python-2.3.4/test/test_hmac.py", line 17, in test_md5_vectors
    "9294727A3638BB1C13F48EF8158BFC9D")
  File "/home/arigo/pypysrc/lib-python-2.3.4/test/test_hmac.py", line 13, in md5test
    self.assertEqual(h.hexdigest().upper(), digest.upper())
  File "/home/arigo/pypysrc/lib-python-2.3.4/unittest.py", line 302, in failUnlessEqual
    raise self.failureException, \
AssertionError: '000000000000000000000000E71DFA9D' != '9294727A3638BB1C13F48EF8158BFC9D'

----------------------------------------------------------------------
Ran 10 tests in 179.320s

FAILED (failures=1)
========================== closed ==========================
execution time: 192.207137108 seconds
exit status: 1
